0 info it worked if it ends with ok
1 verbose cli [ '/usr/local/bin/node',
1 verbose cli   '/usr/local/bin/npm',
1 verbose cli   'view',
1 verbose cli   'jsupm_facedetect' ]
2 info using npm@2.14.9
3 info using node@v0.12.9
4 silly mapToRegistry name jsupm_facedetect
5 silly mapToRegistry using default registry
6 silly mapToRegistry registry https://registry.npmjs.org/
7 silly mapToRegistry uri https://registry.npmjs.org/jsupm_facedetect
8 verbose request uri https://registry.npmjs.org/jsupm_facedetect
9 verbose request no auth needed
10 info attempt registry request try #1 at 14:18:11
11 verbose request id 645934b5d455c602
12 http request GET https://registry.npmjs.org/jsupm_facedetect
13 http 404 https://registry.npmjs.org/jsupm_facedetect
14 verbose headers { server: 'CouchDB/1.5.0 (Erlang OTP/R16B03)',
14 verbose headers   etag: '"C9H4SR67P6BS2PPN7VWS0AQHE"',
14 verbose headers   'content-type': 'application/json',
14 verbose headers   'cache-control': 'max-age=0',
14 verbose headers   'content-length': '455',
14 verbose headers   'accept-ranges': 'bytes',
14 verbose headers   date: 'Wed, 30 Dec 2015 06:18:14 GMT',
14 verbose headers   via: '1.1 varnish',
14 verbose headers   age: '0',
14 verbose headers   connection: 'keep-alive',
14 verbose headers   'x-served-by': 'cache-lhr6321-LHR',
14 verbose headers   'x-cache': 'MISS',
14 verbose headers   'x-cache-hits': '0',
14 verbose headers   'x-timer': 'S1451456293.903411,VS0,VE176',
14 verbose headers   vary: 'Accept' }
15 silly get cb [ 404,
15 silly get   { server: 'CouchDB/1.5.0 (Erlang OTP/R16B03)',
15 silly get     etag: '"C9H4SR67P6BS2PPN7VWS0AQHE"',
15 silly get     'content-type': 'application/json',
15 silly get     'cache-control': 'max-age=0',
15 silly get     'content-length': '455',
15 silly get     'accept-ranges': 'bytes',
15 silly get     date: 'Wed, 30 Dec 2015 06:18:14 GMT',
15 silly get     via: '1.1 varnish',
15 silly get     age: '0',
15 silly get     connection: 'keep-alive',
15 silly get     'x-served-by': 'cache-lhr6321-LHR',
15 silly get     'x-cache': 'MISS',
15 silly get     'x-cache-hits': '0',
15 silly get     'x-timer': 'S1451456293.903411,VS0,VE176',
15 silly get     vary: 'Accept' } ]
16 verbose stack Error: Registry returned 404 for GET on https://registry.npmjs.org/jsupm_facedetect
16 verbose stack     at makeError (/usr/local/lib/node_modules/npm/node_modules/npm-registry-client/lib/request.js:264:12)
16 verbose stack     at CachingRegistryClient.<anonymous> (/usr/local/lib/node_modules/npm/node_modules/npm-registry-client/lib/request.js:242:14)
16 verbose stack     at Request._callback (/usr/local/lib/node_modules/npm/node_modules/npm-registry-client/lib/request.js:172:14)
16 verbose stack     at Request.self.callback (/usr/local/lib/node_modules/npm/node_modules/request/request.js:198:22)
16 verbose stack     at Request.emit (events.js:110:17)
16 verbose stack     at Request.<anonymous> (/usr/local/lib/node_modules/npm/node_modules/request/request.js:1082:10)
16 verbose stack     at Request.emit (events.js:129:20)
16 verbose stack     at IncomingMessage.<anonymous> (/usr/local/lib/node_modules/npm/node_modules/request/request.js:1009:12)
16 verbose stack     at IncomingMessage.emit (events.js:129:20)
16 verbose stack     at _stream_readable.js:908:16
17 verbose statusCode 404
18 verbose pkgid jsupm_facedetect
19 verbose cwd /Users/yinyu/MC/code/GitHub/upm_mc
20 error Darwin 15.2.0
21 error argv "/usr/local/bin/node" "/usr/local/bin/npm" "view" "jsupm_facedetect"
22 error node v0.12.9
23 error npm  v2.14.9
24 error code E404
25 error 404 Registry returned 404 for GET on https://registry.npmjs.org/jsupm_facedetect
25 error 404
25 error 404 'jsupm_facedetect' is not in the npm registry.
25 error 404 You should bug the author to publish it (or use the name yourself!)
25 error 404
25 error 404 Note that you can also install from a
25 error 404 tarball, folder, http url, or git url.
26 verbose exit [ 1, true ]
